INFO 2025-10-05 21:47:43,163 autoreload 24960 16548 Watching for file changes with StatReloader
INFO 2025-10-05 21:57:48,823 basehttp 24960 14884 "GET / HTTP/1.1" 200 1642
INFO 2025-10-05 21:57:48,858 basehttp 24960 14884 "GET /static/drf-yasg/swagger-ui-dist/swagger-ui.css HTTP/1.1" 304 0
INFO 2025-10-05 21:57:48,860 basehttp 24960 12960 "GET /static/drf-yasg/swagger-ui-dist/swagger-ui-bundle.js HTTP/1.1" 304 0
INFO 2025-10-05 21:57:48,860 basehttp 24960 18260 "GET /static/drf-yasg/swagger-ui-dist/swagger-ui-standalone-preset.js HTTP/1.1" 304 0
INFO 2025-10-05 21:57:48,865 basehttp 24960 14884 "GET /static/drf-yasg/swagger-ui-init.js HTTP/1.1" 304 0
INFO 2025-10-05 21:57:48,866 basehttp 24960 18260 "GET /static/drf-yasg/immutable.min.js HTTP/1.1" 304 0
INFO 2025-10-05 21:57:48,866 basehttp 24960 12960 "GET /static/drf-yasg/insQ.min.js HTTP/1.1" 304 0
INFO 2025-10-05 21:57:48,915 basehttp 24960 5992 "GET /static/drf-yasg/style.css HTTP/1.1" 200 1047
INFO 2025-10-05 21:57:49,004 basehttp 24960 5992 - Broken pipe from ('127.0.0.1', 51190)
INFO 2025-10-05 21:57:49,038 basehttp 24960 12960 "GET /?format=openapi HTTP/1.1" 200 14152
INFO 2025-10-05 22:21:40,106 basehttp 24960 14544 "GET / HTTP/1.1" 200 1642
INFO 2025-10-05 22:21:40,252 basehttp 24960 14544 "GET /?format=openapi HTTP/1.1" 200 14152
INFO 2025-10-05 22:23:05,951 autoreload 14188 18076 Watching for file changes with StatReloader
INFO 2025-10-05 22:24:10,546 basehttp 14188 14824 "GET / HTTP/1.1" 200 1642
INFO 2025-10-05 22:24:10,661 basehttp 14188 14824 "GET /?format=openapi HTTP/1.1" 200 14152
WARNING 2025-10-05 22:24:31,747 log 14188 14824 Bad Request: /api/auth/login/
WARNING 2025-10-05 22:24:31,748 basehttp 14188 14824 "POST /api/auth/login/ HTTP/1.1" 400 53
INFO 2025-10-05 22:31:23,826 autoreload 13456 3164 Watching for file changes with StatReloader
INFO 2025-10-05 22:31:29,272 basehttp 13456 20504 "GET / HTTP/1.1" 200 1642
INFO 2025-10-05 22:31:29,351 basehttp 13456 22808 "GET /static/drf-yasg/swagger-ui-dist/swagger-ui.css HTTP/1.1" 304 0
INFO 2025-10-05 22:31:29,351 basehttp 13456 6856 "GET /static/drf-yasg/swagger-ui-dist/swagger-ui-bundle.js HTTP/1.1" 304 0
INFO 2025-10-05 22:31:29,351 basehttp 13456 20504 "GET /static/drf-yasg/style.css HTTP/1.1" 304 0
INFO 2025-10-05 22:31:29,355 basehttp 13456 5916 "GET /static/drf-yasg/swagger-ui-dist/swagger-ui-standalone-preset.js HTTP/1.1" 304 0
INFO 2025-10-05 22:31:29,357 basehttp 13456 22808 "GET /static/drf-yasg/swagger-ui-init.js HTTP/1.1" 304 0
INFO 2025-10-05 22:31:29,360 basehttp 13456 15212 "GET /static/drf-yasg/insQ.min.js HTTP/1.1" 304 0
INFO 2025-10-05 22:31:29,361 basehttp 13456 28024 "GET /static/drf-yasg/immutable.min.js HTTP/1.1" 304 0
INFO 2025-10-05 22:31:29,792 basehttp 13456 28024 "GET /?format=openapi HTTP/1.1" 200 14152
INFO 2025-10-05 22:31:54,129 basehttp 13456 1152 "GET /admin/ HTTP/1.1" 302 0
INFO 2025-10-05 22:31:54,280 basehttp 13456 1152 "GET /admin/login/?next=/admin/ HTTP/1.1" 200 4185
INFO 2025-10-05 22:31:54,318 basehttp 13456 12868 "GET /static/admin/css/base.css HTTP/1.1" 304 0
INFO 2025-10-05 22:31:54,321 basehttp 13456 12868 "GET /static/admin/css/dark_mode.css HTTP/1.1" 304 0
INFO 2025-10-05 22:31:54,323 basehttp 13456 22740 "GET /static/admin/css/nav_sidebar.css HTTP/1.1" 304 0
INFO 2025-10-05 22:31:54,323 basehttp 13456 14244 "GET /static/admin/js/theme.js HTTP/1.1" 304 0
INFO 2025-10-05 22:31:54,325 basehttp 13456 3620 "GET /static/admin/js/nav_sidebar.js HTTP/1.1" 304 0
INFO 2025-10-05 22:31:54,373 basehttp 13456 1152 "GET /static/admin/css/login.css HTTP/1.1" 200 958
INFO 2025-10-05 22:31:54,375 basehttp 13456 23692 "GET /static/admin/css/responsive.css HTTP/1.1" 200 18533
WARNING 2025-10-05 22:31:54,581 log 13456 23692 Not Found: /favicon.ico
INFO 2025-10-05 22:31:54,582 basehttp 13456 23692 - Broken pipe from ('127.0.0.1', 61204)
INFO 2025-10-05 22:32:12,647 basehttp 13456 1152 "POST /admin/login/?next=/admin/ HTTP/1.1" 302 0
INFO 2025-10-05 22:32:12,684 basehttp 13456 1152 "GET /admin/ HTTP/1.1" 200 8221
INFO 2025-10-05 22:32:12,720 basehttp 13456 12868 "GET /static/admin/css/dashboard.css HTTP/1.1" 304 0
INFO 2025-10-05 22:32:12,736 basehttp 13456 14244 "GET /static/admin/img/icon-changelink.svg HTTP/1.1" 200 380
INFO 2025-10-05 22:32:12,737 basehttp 13456 22740 "GET /static/admin/img/icon-addlink.svg HTTP/1.1" 200 331
INFO 2025-10-05 22:32:39,852 basehttp 13456 1152 "GET /admin/ HTTP/1.1" 200 8221
INFO 2025-10-05 22:32:49,982 basehttp 13456 1152 "GET / HTTP/1.1" 200 1642
INFO 2025-10-05 22:32:50,010 basehttp 13456 22740 "GET /static/drf-yasg/swagger-ui-dist/swagger-ui.css HTTP/1.1" 304 0
INFO 2025-10-05 22:32:50,010 basehttp 13456 3620 "GET /static/drf-yasg/swagger-ui-dist/swagger-ui-bundle.js HTTP/1.1" 304 0
INFO 2025-10-05 22:32:50,013 basehttp 13456 14244 "GET /static/drf-yasg/style.css HTTP/1.1" 200 1047
INFO 2025-10-05 22:32:50,015 basehttp 13456 1152 "GET /static/drf-yasg/insQ.min.js HTTP/1.1" 304 0
INFO 2025-10-05 22:32:50,015 basehttp 13456 12868 "GET /static/drf-yasg/swagger-ui-dist/swagger-ui-standalone-preset.js HTTP/1.1" 304 0
INFO 2025-10-05 22:32:50,016 basehttp 13456 22740 "GET /static/drf-yasg/immutable.min.js HTTP/1.1" 304 0
INFO 2025-10-05 22:32:50,018 basehttp 13456 3620 "GET /static/drf-yasg/swagger-ui-init.js HTTP/1.1" 304 0
INFO 2025-10-05 22:32:50,123 basehttp 13456 14244 "GET /?format=openapi HTTP/1.1" 200 14152
WARNING 2025-10-05 22:33:57,876 log 13456 28024 Bad Request: /api/auth/signup/
WARNING 2025-10-05 22:33:57,878 basehttp 13456 28024 "POST /api/auth/signup/ HTTP/1.1" 400 68
WARNING 2025-10-05 22:34:35,259 log 13456 28024 Bad Request: /api/auth/signup/
WARNING 2025-10-05 22:34:35,260 basehttp 13456 28024 "POST /api/auth/signup/ HTTP/1.1" 400 69
WARNING 2025-10-05 22:35:01,508 log 13456 28024 Bad Request: /api/auth/signup/
WARNING 2025-10-05 22:35:01,509 basehttp 13456 28024 "POST /api/auth/signup/ HTTP/1.1" 400 68
INFO 2025-10-05 22:35:21,122 basehttp 13456 26084 "GET / HTTP/1.1" 200 1642
INFO 2025-10-05 22:36:08,567 basehttp 13456 28024 "POST /api/auth/signup/ HTTP/1.1" 201 103
INFO 2025-10-05 22:37:41,238 basehttp 13456 28024 "POST /api/auth/login/ HTTP/1.1" 200 576
INFO 2025-10-05 22:39:46,173 basehttp 13456 28024 "GET /?format=openapi HTTP/1.1" 200 14152
INFO 2025-10-05 22:40:26,984 basehttp 13456 28024 "GET /api/movies/ HTTP/1.1" 200 641
INFO 2025-10-05 22:41:05,596 basehttp 13456 28024 "GET /api/movies/1/shows/ HTTP/1.1" 200 681
INFO 2025-10-05 22:43:35,273 basehttp 13456 15124 "GET /api/my-bookings/ HTTP/1.1" 200 52
INFO 2025-10-05 23:46:40,257 basehttp 13456 6268 "OPTIONS /api/auth/login/ HTTP/1.1" 200 0
INFO 2025-10-05 23:47:04,799 basehttp 13456 6268 "OPTIONS /api/auth/login/ HTTP/1.1" 200 0
INFO 2025-10-05 23:47:46,395 basehttp 13456 6268 "OPTIONS /api/auth/signup/ HTTP/1.1" 200 0
INFO 2025-10-05 23:47:58,859 basehttp 13456 6268 "OPTIONS /api/auth/signup/ HTTP/1.1" 200 0
INFO 2025-10-05 23:47:59,737 basehttp 13456 6268 "OPTIONS /api/auth/signup/ HTTP/1.1" 200 0
INFO 2025-10-06 22:48:56,521 autoreload 15924 2060 Watching for file changes with StatReloader
INFO 2025-10-06 22:49:04,335 basehttp 15924 21408 "GET / HTTP/1.1" 200 1642
INFO 2025-10-06 22:49:04,529 basehttp 15924 21408 "GET /static/drf-yasg/style.css HTTP/1.1" 200 1047
INFO 2025-10-06 22:49:04,555 basehttp 15924 9084 "GET /static/drf-yasg/swagger-ui-dist/swagger-ui.css HTTP/1.1" 200 145206
INFO 2025-10-06 22:49:04,563 basehttp 15924 9752 "GET /static/drf-yasg/insQ.min.js HTTP/1.1" 200 2093
INFO 2025-10-06 22:49:04,571 basehttp 15924 21408 "GET /static/drf-yasg/swagger-ui-init.js HTTP/1.1" 200 14964
INFO 2025-10-06 22:49:04,577 basehttp 15924 5184 "GET /static/drf-yasg/swagger-ui-dist/swagger-ui-bundle.js HTTP/1.1" 200 1046583
INFO 2025-10-06 22:49:04,609 basehttp 15924 23028 "GET /static/drf-yasg/immutable.min.js HTTP/1.1" 200 56904
INFO 2025-10-06 22:49:04,672 basehttp 15924 19508 "GET /static/drf-yasg/swagger-ui-dist/swagger-ui-standalone-preset.js HTTP/1.1" 200 322863
INFO 2025-10-06 22:49:04,753 basehttp 15924 5184 - Broken pipe from ('127.0.0.1', 54620)
INFO 2025-10-06 22:49:04,796 basehttp 15924 19508 "GET /?format=openapi HTTP/1.1" 200 14152
INFO 2025-10-06 22:49:09,154 basehttp 15924 19508 "GET /admin/ HTTP/1.1" 302 0
INFO 2025-10-06 22:49:09,301 basehttp 15924 19508 "GET /admin/login/?next=/admin/ HTTP/1.1" 200 4185
INFO 2025-10-06 22:49:09,345 basehttp 15924 9752 "GET /static/admin/css/login.css HTTP/1.1" 200 958
INFO 2025-10-06 22:49:09,345 basehttp 15924 9084 "GET /static/admin/css/dark_mode.css HTTP/1.1" 200 2929
INFO 2025-10-06 22:49:09,346 basehttp 15924 21408 "GET /static/admin/css/responsive.css HTTP/1.1" 200 18533
INFO 2025-10-06 22:49:09,346 basehttp 15924 23028 "GET /static/admin/css/nav_sidebar.css HTTP/1.1" 200 2694
INFO 2025-10-06 22:49:09,349 basehttp 15924 19508 "GET /static/admin/css/base.css HTTP/1.1" 200 21207
INFO 2025-10-06 22:49:09,368 basehttp 15924 23712 "GET /static/admin/js/theme.js HTTP/1.1" 200 1943
INFO 2025-10-06 22:49:09,375 basehttp 15924 9752 "GET /static/admin/js/nav_sidebar.js HTTP/1.1" 200 3063
WARNING 2025-10-06 22:49:09,460 log 15924 19508 Not Found: /favicon.ico
INFO 2025-10-06 22:49:09,460 basehttp 15924 19508 - Broken pipe from ('127.0.0.1', 54621)
INFO 2025-10-06 22:49:35,402 basehttp 15924 9084 "POST /admin/login/?next=/admin/ HTTP/1.1" 302 0
INFO 2025-10-06 22:49:35,453 basehttp 15924 9084 "GET /admin/ HTTP/1.1" 200 8220
INFO 2025-10-06 22:49:35,504 basehttp 15924 9084 "GET /static/admin/css/dashboard.css HTTP/1.1" 200 441
INFO 2025-10-06 22:49:35,522 basehttp 15924 23028 "GET /static/admin/img/icon-changelink.svg HTTP/1.1" 200 380
INFO 2025-10-06 22:49:35,523 basehttp 15924 9084 "GET /static/admin/img/icon-addlink.svg HTTP/1.1" 200 331
INFO 2025-10-06 22:49:53,528 basehttp 15924 9084 "GET /admin/auth/group/add/ HTTP/1.1" 200 14005
INFO 2025-10-06 22:49:53,555 basehttp 15924 9084 "GET /static/admin/css/base.css HTTP/1.1" 304 0
INFO 2025-10-06 22:49:53,556 basehttp 15924 9752 "GET /static/admin/js/theme.js HTTP/1.1" 304 0
INFO 2025-10-06 22:49:53,556 basehttp 15924 23712 "GET /static/admin/css/nav_sidebar.css HTTP/1.1" 304 0
INFO 2025-10-06 22:49:53,556 basehttp 15924 23028 "GET /static/admin/css/dark_mode.css HTTP/1.1" 304 0
INFO 2025-10-06 22:49:53,557 basehttp 15924 21408 "GET /static/admin/js/nav_sidebar.js HTTP/1.1" 304 0
INFO 2025-10-06 22:49:53,574 basehttp 15924 9084 "GET /admin/jsi18n/ HTTP/1.1" 200 3343
INFO 2025-10-06 22:49:53,585 basehttp 15924 23508 "GET /static/admin/css/forms.css HTTP/1.1" 200 9047
INFO 2025-10-06 22:49:53,596 basehttp 15924 9752 "GET /static/admin/js/jquery.init.js HTTP/1.1" 200 347
INFO 2025-10-06 22:49:53,601 basehttp 15924 23028 "GET /static/admin/js/core.js HTTP/1.1" 200 5682
INFO 2025-10-06 22:49:53,611 basehttp 15924 21408 "GET /static/admin/js/admin/RelatedObjectLookups.js HTTP/1.1" 200 8943
INFO 2025-10-06 22:49:53,617 basehttp 15924 9084 "GET /static/admin/js/SelectBox.js HTTP/1.1" 200 4530
INFO 2025-10-06 22:49:53,627 basehttp 15924 9752 "GET /static/admin/js/SelectFilter2.js HTTP/1.1" 200 15292
INFO 2025-10-06 22:49:53,627 basehttp 15924 23508 "GET /static/admin/js/actions.js HTTP/1.1" 200 7872
INFO 2025-10-06 22:49:53,631 basehttp 15924 9752 "GET /static/admin/css/responsive.css HTTP/1.1" 304 0
INFO 2025-10-06 22:49:53,635 basehttp 15924 23028 "GET /static/admin/js/urlify.js HTTP/1.1" 200 7887
INFO 2025-10-06 22:49:53,644 basehttp 15924 21408 "GET /static/admin/js/prepopulate.js HTTP/1.1" 200 1531
INFO 2025-10-06 22:49:53,653 basehttp 15924 9752 "GET /static/admin/js/prepopulate_init.js HTTP/1.1" 200 586
INFO 2025-10-06 22:49:53,654 basehttp 15924 23508 "GET /static/admin/js/change_form.js HTTP/1.1" 200 606
INFO 2025-10-06 22:49:53,655 basehttp 15924 23028 "GET /static/admin/css/widgets.css HTTP/1.1" 200 11900
INFO 2025-10-06 22:49:53,661 basehttp 15924 23712 "GET /static/admin/js/vendor/jquery/jquery.js HTTP/1.1" 200 292458
INFO 2025-10-06 22:49:53,712 basehttp 15924 9084 "GET /static/admin/js/vendor/xregexp/xregexp.js HTTP/1.1" 200 232381
INFO 2025-10-06 22:49:53,788 basehttp 15924 9084 "GET /static/admin/img/search.svg HTTP/1.1" 200 458
INFO 2025-10-06 22:49:53,788 basehttp 15924 23712 "GET /static/admin/img/icon-unknown.svg HTTP/1.1" 200 655
INFO 2025-10-06 22:49:53,789 basehttp 15924 23028 "GET /static/admin/img/selector-icons.svg HTTP/1.1" 200 3291
INFO 2025-10-06 22:49:53,792 basehttp 15924 9752 "GET /static/admin/img/icon-unknown-alt.svg HTTP/1.1" 200 655
INFO 2025-10-06 22:50:08,745 basehttp 15924 23712 "GET /admin/auth/group/add/ HTTP/1.1" 200 14005
INFO 2025-10-06 22:50:08,771 basehttp 15924 23712 "GET /admin/jsi18n/ HTTP/1.1" 200 3343
INFO 2025-10-06 22:50:21,856 basehttp 15924 23712 "POST /admin/auth/group/add/ HTTP/1.1" 302 0
INFO 2025-10-06 22:50:21,900 basehttp 15924 23712 "GET /admin/auth/group/1/change/ HTTP/1.1" 200 14489
INFO 2025-10-06 22:50:21,943 basehttp 15924 23712 "GET /admin/jsi18n/ HTTP/1.1" 200 3343
INFO 2025-10-06 22:50:21,990 basehttp 15924 23712 "GET /static/admin/img/icon-yes.svg HTTP/1.1" 200 436
INFO 2025-10-06 22:50:30,791 basehttp 15924 23712 "POST /admin/auth/group/1/change/ HTTP/1.1" 302 0
INFO 2025-10-06 22:50:30,922 basehttp 15924 23712 "GET /admin/auth/group/ HTTP/1.1" 200 10584
INFO 2025-10-06 22:50:30,955 basehttp 15924 23712 "GET /static/admin/css/base.css HTTP/1.1" 304 0
INFO 2025-10-06 22:50:30,955 basehttp 15924 9084 "GET /static/admin/css/dark_mode.css HTTP/1.1" 304 0
INFO 2025-10-06 22:50:30,955 basehttp 15924 9752 "GET /static/admin/css/nav_sidebar.css HTTP/1.1" 304 0
INFO 2025-10-06 22:50:30,956 basehttp 15924 23028 "GET /static/admin/js/theme.js HTTP/1.1" 304 0
INFO 2025-10-06 22:50:30,957 basehttp 15924 23508 "GET /static/admin/js/nav_sidebar.js HTTP/1.1" 304 0
INFO 2025-10-06 22:50:30,965 basehttp 15924 9084 "GET /static/admin/js/vendor/jquery/jquery.js HTTP/1.1" 304 0
INFO 2025-10-06 22:50:30,966 basehttp 15924 9752 "GET /static/admin/js/jquery.init.js HTTP/1.1" 304 0
INFO 2025-10-06 22:50:30,966 basehttp 15924 23508 "GET /static/admin/js/admin/RelatedObjectLookups.js HTTP/1.1" 304 0
INFO 2025-10-06 22:50:30,966 basehttp 15924 23028 "GET /static/admin/js/core.js HTTP/1.1" 304 0
INFO 2025-10-06 22:50:30,969 basehttp 15924 9084 "GET /static/admin/js/actions.js HTTP/1.1" 304 0
INFO 2025-10-06 22:50:30,970 basehttp 15924 23712 "GET /admin/jsi18n/ HTTP/1.1" 200 3343
INFO 2025-10-06 22:50:30,971 basehttp 15924 9752 "GET /static/admin/js/vendor/xregexp/xregexp.js HTTP/1.1" 304 0
INFO 2025-10-06 22:50:30,973 basehttp 15924 23508 "GET /static/admin/js/urlify.js HTTP/1.1" 304 0
INFO 2025-10-06 22:50:30,974 basehttp 15924 21408 "GET /static/admin/css/changelists.css HTTP/1.1" 200 6566
INFO 2025-10-06 22:50:30,980 basehttp 15924 23028 "GET /static/admin/js/prepopulate.js HTTP/1.1" 304 0
INFO 2025-10-06 22:50:30,983 basehttp 15924 23712 "GET /static/admin/css/responsive.css HTTP/1.1" 304 0
INFO 2025-10-06 22:50:31,002 basehttp 15924 23712 "GET /static/admin/img/search.svg HTTP/1.1" 304 0
INFO 2025-10-06 22:50:31,005 basehttp 15924 9084 "GET /static/admin/js/filters.js HTTP/1.1" 200 978
INFO 2025-10-06 22:50:31,012 basehttp 15924 23712 "GET /static/admin/img/icon-addlink.svg HTTP/1.1" 304 0
INFO 2025-10-06 22:50:31,028 basehttp 15924 9084 "GET /static/admin/img/tooltag-add.svg HTTP/1.1" 200 331
INFO 2025-10-06 22:52:01,814 basehttp 15924 23712 "GET /api/movies/ HTTP/1.1" 200 641
WARNING 2025-10-06 22:52:01,877 log 15924 25192 Not Found: /favicon.ico
WARNING 2025-10-06 22:52:01,878 basehttp 15924 25192 "GET /favicon.ico HTTP/1.1" 404 2589
INFO 2025-10-06 22:52:12,644 basehttp 15924 5916 "GET /admin/ HTTP/1.1" 302 0
WARNING 2025-10-06 22:52:14,537 log 15924 23712 Method Not Allowed: /api/bookings/12/cancel/
WARNING 2025-10-06 22:52:14,537 basehttp 15924 23712 "GET /api/bookings/12/cancel/ HTTP/1.1" 405 40
WARNING 2025-10-06 22:52:14,585 log 15924 25192 Not Found: /favicon.ico
WARNING 2025-10-06 22:52:14,586 basehttp 15924 25192 "GET /favicon.ico HTTP/1.1" 404 2589
INFO 2025-10-06 22:53:13,897 basehttp 15924 23712 - Broken pipe from ('127.0.0.1', 54627)
INFO 2025-10-06 22:53:49,420 basehttp 15924 20048 "GET /admin/ HTTP/1.1" 200 8834
INFO 2025-10-06 22:53:49,464 basehttp 15924 20048 "GET /static/admin/js/theme.js HTTP/1.1" 304 0
INFO 2025-10-06 22:53:49,467 basehttp 15924 24940 "GET /static/admin/js/nav_sidebar.js HTTP/1.1" 304 0
INFO 2025-10-06 22:53:49,468 basehttp 15924 24928 "GET /static/admin/css/dark_mode.css HTTP/1.1" 304 0
INFO 2025-10-06 22:53:49,469 basehttp 15924 20048 "GET /static/admin/css/nav_sidebar.css HTTP/1.1" 304 0
INFO 2025-10-06 22:53:49,471 basehttp 15924 11780 "GET /static/admin/css/base.css HTTP/1.1" 304 0
INFO 2025-10-06 22:53:49,473 basehttp 15924 24988 "GET /static/admin/css/dashboard.css HTTP/1.1" 304 0
INFO 2025-10-06 22:53:49,475 basehttp 15924 24340 "GET /static/admin/css/responsive.css HTTP/1.1" 304 0
INFO 2025-10-06 22:53:49,485 basehttp 15924 24940 "GET /static/admin/img/icon-addlink.svg HTTP/1.1" 200 331
INFO 2025-10-06 22:53:49,485 basehttp 15924 24928 "GET /static/admin/img/icon-changelink.svg HTTP/1.1" 200 380
INFO 2025-10-06 22:54:03,179 basehttp 15924 20048 "GET /admin/ HTTP/1.1" 200 8834
INFO 2025-10-06 22:54:09,099 basehttp 15924 20048 "GET / HTTP/1.1" 200 1642
INFO 2025-10-06 22:54:09,154 basehttp 15924 11780 "GET /static/drf-yasg/swagger-ui-dist/swagger-ui-bundle.js HTTP/1.1" 304 0
INFO 2025-10-06 22:54:09,155 basehttp 15924 24340 "GET /static/drf-yasg/insQ.min.js HTTP/1.1" 304 0
INFO 2025-10-06 22:54:09,155 basehttp 15924 24988 "GET /static/drf-yasg/swagger-ui-dist/swagger-ui-standalone-preset.js HTTP/1.1" 304 0
INFO 2025-10-06 22:54:09,155 basehttp 15924 20048 "GET /static/drf-yasg/immutable.min.js HTTP/1.1" 304 0
INFO 2025-10-06 22:54:09,156 basehttp 15924 24928 "GET /static/drf-yasg/style.css HTTP/1.1" 200 1047
INFO 2025-10-06 22:54:09,159 basehttp 15924 11780 "GET /static/drf-yasg/swagger-ui-init.js HTTP/1.1" 304 0
INFO 2025-10-06 22:54:09,160 basehttp 15924 24940 "GET /static/drf-yasg/swagger-ui-dist/swagger-ui.css HTTP/1.1" 200 145206
INFO 2025-10-06 22:54:09,292 basehttp 15924 24940 - Broken pipe from ('127.0.0.1', 54677)
INFO 2025-10-06 22:54:09,343 basehttp 15924 24928 "GET /?format=openapi HTTP/1.1" 200 14152
WARNING 2025-10-06 22:56:40,192 log 15924 1120 Forbidden: /api/auth/signup/
WARNING 2025-10-06 22:56:40,193 basehttp 15924 1120 "POST /api/auth/signup/ HTTP/1.1" 403 45
WARNING 2025-10-06 23:06:06,305 log 15924 2884 Forbidden: /api/auth/signup/
WARNING 2025-10-06 23:06:06,306 basehttp 15924 2884 "POST /api/auth/signup/ HTTP/1.1" 403 45
INFO 2025-10-06 23:17:24,439 autoreload 15924 2060 D:\movie-ticket-booking\movies\views.py changed, reloading.
INFO 2025-10-06 23:17:25,965 autoreload 28600 27952 Watching for file changes with StatReloader
INFO 2025-10-06 23:17:53,667 basehttp 28600 29900 "GET / HTTP/1.1" 200 1642
INFO 2025-10-06 23:17:53,711 basehttp 28600 24820 "GET /static/drf-yasg/swagger-ui-dist/swagger-ui-bundle.js HTTP/1.1" 304 0
INFO 2025-10-06 23:17:53,713 basehttp 28600 24820 "GET /static/drf-yasg/swagger-ui-dist/swagger-ui-standalone-preset.js HTTP/1.1" 304 0
INFO 2025-10-06 23:17:53,876 basehttp 28600 30028 "GET /static/drf-yasg/swagger-ui-dist/swagger-ui.css HTTP/1.1" 200 145206
INFO 2025-10-06 23:17:53,878 basehttp 28600 25388 "GET /static/drf-yasg/insQ.min.js HTTP/1.1" 200 2093
INFO 2025-10-06 23:17:53,881 basehttp 28600 29900 "GET /static/drf-yasg/style.css HTTP/1.1" 200 1047
INFO 2025-10-06 23:17:53,883 basehttp 28600 23684 "GET /static/drf-yasg/immutable.min.js HTTP/1.1" 200 56904
INFO 2025-10-06 23:17:53,886 basehttp 28600 3040 "GET /static/drf-yasg/swagger-ui-init.js HTTP/1.1" 200 14964
INFO 2025-10-06 23:17:54,027 basehttp 28600 30028 "GET /?format=openapi HTTP/1.1" 200 14152
WARNING 2025-10-06 23:18:01,968 log 28600 30028 Bad Request: /api/auth/signup/
WARNING 2025-10-06 23:18:01,968 basehttp 28600 30028 "POST /api/auth/signup/ HTTP/1.1" 400 143
WARNING 2025-10-06 23:18:49,246 log 28600 30028 Bad Request: /api/auth/signup/
WARNING 2025-10-06 23:18:49,247 basehttp 28600 30028 "POST /api/auth/signup/ HTTP/1.1" 400 48
WARNING 2025-10-06 23:20:21,688 log 28600 30028 Bad Request: /api/auth/signup/
WARNING 2025-10-06 23:20:21,689 basehttp 28600 30028 "POST /api/auth/signup/ HTTP/1.1" 400 46
INFO 2025-10-06 23:20:33,178 basehttp 28600 30028 "POST /api/auth/signup/ HTTP/1.1" 201 104
WARNING 2025-10-06 23:24:29,410 log 28600 32112 Bad Request: /api/auth/signup/
WARNING 2025-10-06 23:24:29,411 basehttp 28600 32112 "POST /api/auth/signup/ HTTP/1.1" 400 91
WARNING 2025-10-06 23:25:41,276 log 28600 32112 Bad Request: /api/auth/signup/
WARNING 2025-10-06 23:25:41,277 basehttp 28600 32112 "POST /api/auth/signup/ HTTP/1.1" 400 91
INFO 2025-10-06 23:26:57,221 basehttp 28600 32112 - Broken pipe from ('127.0.0.1', 54961)
INFO 2025-10-06 23:27:55,315 basehttp 28600 33656 "POST /api/auth/login/ HTTP/1.1" 200 577
WARNING 2025-10-06 23:30:21,546 log 28600 30932 Unauthorized: /api/my-bookings/
WARNING 2025-10-06 23:30:21,547 basehttp 28600 30932 "GET /api/my-bookings/ HTTP/1.1" 401 58
INFO 2025-10-06 23:32:22,554 basehttp 28600 31420 "GET /?format=openapi HTTP/1.1" 200 14152
INFO 2025-10-06 23:32:32,495 basehttp 28600 31420 "GET /api/my-bookings/ HTTP/1.1" 200 52
WARNING 2025-10-06 23:34:19,133 log 28600 31420 Bad Request: /api/shows/1/book/
WARNING 2025-10-06 23:34:19,134 basehttp 28600 31420 "POST /api/shows/1/book/ HTTP/1.1" 400 44
INFO 2025-10-06 23:38:13,514 basehttp 28600 34336 "GET /api/movies/ HTTP/1.1" 200 559
INFO 2025-10-06 23:38:20,181 basehttp 28600 34336 "GET /api/movies/1/shows/ HTTP/1.1" 200 52
WARNING 2025-10-06 23:38:28,172 log 28600 34336 Not Found: /api/shows/<show_id>/book/
WARNING 2025-10-06 23:38:28,172 basehttp 28600 34336 "POST /api/shows/%3Cshow_id%3E/book/ HTTP/1.1" 404 3876
WARNING 2025-10-06 23:38:44,021 log 28600 34336 Not Found: /api/shows/<show_id>/book/
WARNING 2025-10-06 23:38:44,022 basehttp 28600 34336 "POST /api/shows/%3Cshow_id%3E/book/ HTTP/1.1" 404 3876
INFO 2025-10-06 23:38:51,032 basehttp 28600 32596 "GET / HTTP/1.1" 200 1642
INFO 2025-10-06 23:38:53,292 basehttp 28600 34336 "GET /api/my-bookings/ HTTP/1.1" 200 52
WARNING 2025-10-06 23:38:59,163 log 28600 34336 Not Found: /api/bookings/<booking_id>/cancel/
WARNING 2025-10-06 23:38:59,164 basehttp 28600 34336 "POST /api/bookings/%3Cbooking_id%3E/cancel/ HTTP/1.1" 404 3900
INFO 2025-10-06 23:41:05,845 basehttp 28600 32656 "GET /api/movies/ HTTP/1.1" 200 559
INFO 2025-10-06 23:41:27,390 basehttp 28600 32656 "GET /api/movies/1/shows/ HTTP/1.1" 200 52
WARNING 2025-10-06 23:42:12,879 log 28600 32656 Not Found: /api/shows/5/book/
WARNING 2025-10-06 23:42:12,879 basehttp 28600 32656 "POST /api/shows/5/book/ HTTP/1.1" 404 26
INFO 2025-10-06 23:43:26,467 basehttp 28600 35544 "GET /admin/ HTTP/1.1" 302 0
INFO 2025-10-06 23:43:26,494 basehttp 28600 31108 "GET /admin/login/?next=/admin/ HTTP/1.1" 200 4185
INFO 2025-10-06 23:43:26,536 basehttp 28600 35544 "GET /static/admin/css/dark_mode.css HTTP/1.1" 304 0
INFO 2025-10-06 23:43:26,536 basehttp 28600 31108 "GET /static/admin/css/base.css HTTP/1.1" 304 0
INFO 2025-10-06 23:43:26,542 basehttp 28600 32132 "GET /static/admin/css/login.css HTTP/1.1" 304 0
INFO 2025-10-06 23:43:26,542 basehttp 28600 31108 "GET /static/admin/js/theme.js HTTP/1.1" 304 0
INFO 2025-10-06 23:43:26,543 basehttp 28600 35544 "GET /static/admin/js/nav_sidebar.js HTTP/1.1" 304 0
INFO 2025-10-06 23:43:26,543 basehttp 28600 32888 "GET /static/admin/css/responsive.css HTTP/1.1" 304 0
INFO 2025-10-06 23:43:26,543 basehttp 28600 35132 "GET /static/admin/css/nav_sidebar.css HTTP/1.1" 304 0
WARNING 2025-10-06 23:43:26,564 log 28600 32132 Not Found: /favicon.ico
INFO 2025-10-06 23:43:26,565 basehttp 28600 32132 - Broken pipe from ('127.0.0.1', 55608)
INFO 2025-10-06 23:44:33,122 basehttp 28600 31108 "POST /admin/login/?next=/admin/ HTTP/1.1" 302 0
INFO 2025-10-06 23:45:05,529 basehttp 28600 35544 "GET /static/admin/js/vendor/jquery/jquery.js HTTP/1.1" 304 0
INFO 2025-10-06 23:45:05,479 basehttp 28600 35132 "GET /admin/movies/movie/add/ HTTP/1.1" 200 12119
INFO 2025-10-06 23:45:05,537 basehttp 28600 32888 "GET /admin/jsi18n/ HTTP/1.1" 200 3343
INFO 2025-10-06 23:45:05,531 basehttp 28600 31464 "GET /static/admin/js/jquery.init.js HTTP/1.1" 304 0
INFO 2025-10-06 23:45:05,537 basehttp 28600 31332 - Broken pipe from ('127.0.0.1', 54579)
INFO 2025-10-06 23:47:03,599 basehttp 28600 38476 "GET /admin/movies/movie/add/ HTTP/1.1" 200 12119
INFO 2025-10-06 23:47:03,633 basehttp 28600 38480 "GET /admin/jsi18n/ HTTP/1.1" 200 3343
INFO 2025-10-06 23:47:03,633 basehttp 28600 38488 "GET /static/admin/js/actions.js HTTP/1.1" 304 0
INFO 2025-10-06 23:47:03,633 basehttp 28600 38492 "GET /static/admin/js/urlify.js HTTP/1.1" 304 0
INFO 2025-10-06 23:47:19,219 basehttp 28600 38592 "GET /admin/ HTTP/1.1" 200 8834
INFO 2025-10-07 11:13:52,751 basehttp 28600 47592 "GET /static/admin/img/icon-changelink.svg HTTP/1.1" 200 380
